<?xml version="1.0" encoding="UTF-8"?>
<!-- Generated by org.testng.reporters.JUnitXMLReporter -->
<testsuite ignored="0" hostname="DESKTOP-Q6T5L99" failures="0" tests="3" name="Default test" time="13.793" errors="0" timestamp="2024-02-24T16:35:52 IST">
  <testcase classname="APIAutomation.DynamicJsonWithDataProvider" name="addbook" time="13.448"/>
  <testcase classname="APIAutomation.DynamicJsonWithDataProvider" name="addbook" time="0.157"/>
  <testcase classname="APIAutomation.DynamicJsonWithDataProvider" name="addbook" time="0.134"/>
</testsuite> <!-- Default test -->
