<?xml version="1.0" encoding="UTF-8"?>
<testng-results ignored="0" total="1" passed="1" failed="0" skipped="0">
  <reporter-output>
  </reporter-output>
  <suite started-at="2024-08-25T22:56:51 IST" name="Default suite" finished-at="2024-08-25T22:57:04 IST" duration-ms="13116">
    <groups>
    </groups>
    <test started-at="2024-08-25T22:56:51 IST" name="Default test" finished-at="2024-08-25T22:57:04 IST" duration-ms="13116">
      <class name="readExcelForRESTAPI.RestWithExcel2">
        <test-method signature="addBook()[pri:0, instance:readExcelForRESTAPI.RestWithExcel2@5b03b9fe]" started-at="2024-08-25T22:56:51 IST" name="addBook" finished-at="2024-08-25T22:57:04 IST" duration-ms="13085" status="PASS">
          <reporter-output>
          </reporter-output>
        </test-method> <!-- addBook -->
      </class> <!-- readExcelForRESTAPI.RestWithExcel2 -->
    </test> <!-- Default test -->
  </suite> <!-- Default suite -->
</testng-results>
